Copyright 1986-2022 Xilinx, Inc. All Rights Reserved. Copyright 2022-2026 Advanced Micro Devices, Inc. All Rights Reserved.
---------------------------------------------------------------------------------------------------------------------------------------------
| Tool Version : Vivado v.2026.1 (win64) Build 6511674 Tue Jun 16 11:02:23 MDT 2026
| Date         : Tue Jul 21 21:38:03 2026
| Host         : LAPTOP-16MV5P3N running 64-bit major release  (build 9200)
| Command      : report_timing_summary -file timing.rpt
| Design       : ha_tff_top
| Device       : 7a100t-csg324
| Speed File   : -1  PRODUCTION 1.23 2018-06-13
| Design State : Synthesized
---------------------------------------------------------------------------------------------------------------------------------------------

Timing Summary Report

------------------------------------------------------------------------------------------------
| Timer Settings
| --------------
------------------------------------------------------------------------------------------------

  Enable Multi Corner Analysis               :  Yes
  Enable Pessimism Removal                   :  Yes
  Pessimism Removal Resolution               :  Nearest Common Node
  Enable Input Delay Default Clock           :  No
  Enable Preset / Clear Arcs                 :  No
  Disable Flight Delays                      :  No
  Ignore I/O Paths                           :  No
  Timing Early Launch at Borrowing Latches   :  No
  Borrow Time for Max Delay Exceptions       :  Yes
  Merge Timing Exceptions                    :  Yes
  Inter-SLR Compensation                     :  Conservative

  Corner  Analyze    Analyze    
  Name    Max Paths  Min Paths  
  ------  ---------  ---------  
  Slow    Yes        Yes        
  Fast    Yes        Yes        


------------------------------------------------------------------------------------------------
| Report Methodology
| ------------------
------------------------------------------------------------------------------------------------

No report available as report_methodology has not been run prior. Run report_methodology on the current design for the summary of methodology violations.



check_timing report

Table of Contents
-----------------
1. checking no_clock (0)
2. checking constant_clock (0)
3. checking pulse_width_clock (0)
4. checking unconstrained_internal_endpoints (0)
5. checking no_input_delay (54)
6. checking no_output_delay (34)
7. checking multiple_clock (0)
8. checking generated_clocks (0)
9. checking loops (0)
10. checking partial_input_delay (0)
11. checking partial_output_delay (0)
12. checking latch_loops (0)

1. checking no_clock (0)
------------------------
 There are 0 register/latch pins with no clock.


2. checking constant_clock (0)
------------------------------
 There are 0 register/latch pins with constant_clock.


3. checking pulse_width_clock (0)
---------------------------------
 There are 0 register/latch pins which need pulse_width check


4. checking unconstrained_internal_endpoints (0)
------------------------------------------------
 There are 0 pins that are not constrained for maximum delay.

 There are 0 pins that are not constrained for maximum delay due to constant clock.


5. checking no_input_delay (54)
-------------------------------
 There are 11 input ports with no input delay specified. (HIGH)

 There are 43 input ports with no input delay but user has a false path constraint. (MEDIUM)


6. checking no_output_delay (34)
--------------------------------
 There are 2 ports with no output delay specified. (HIGH)

 There are 32 ports with no output delay but user has a false path constraint (MEDIUM)

 There are 0 ports with no output delay but with a timing clock defined on it or propagating through it


7. checking multiple_clock (0)
------------------------------
 There are 0 register/latch pins with multiple clocks.


8. checking generated_clocks (0)
--------------------------------
 There are 0 generated clocks that are not connected to a clock source.


9. checking loops (0)
---------------------
 There are 0 combinational loops in the design.


10. checking partial_input_delay (0)
------------------------------------
 There are 0 input ports with partial input delay specified.


11. checking partial_output_delay (0)
-------------------------------------
 There are 0 ports with partial output delay specified.


12. checking latch_loops (0)
----------------------------
 There are 0 combinational latch loops in the design through latch input



------------------------------------------------------------------------------------------------
| Design Timing Summary
| ---------------------
------------------------------------------------------------------------------------------------

    WNS(ns)      TNS(ns)  TNS Failing Endpoints  TNS Total Endpoints      WHS(ns)      THS(ns)  THS Failing Endpoints  THS Total Endpoints     WPWS(ns)     TPWS(ns)  TPWS Failing Endpoints  TPWS Total Endpoints  
    -------      -------  ---------------------  -------------------      -------      -------  ---------------------  -------------------     --------     --------  ----------------------  --------------------  
      4.041        0.000                      0                 1781        0.140        0.000                      0                 1781        4.500        0.000                       0                   963  


All user specified timing constraints are met.


------------------------------------------------------------------------------------------------
| Clock Summary
| -------------
------------------------------------------------------------------------------------------------

Clock        Waveform(ns)       Period(ns)      Frequency(MHz)
-----        ------------       ----------      --------------
sys_clk_pin  {0.000 5.000}      10.000          100.000         


------------------------------------------------------------------------------------------------
| Intra Clock Table
| -----------------
------------------------------------------------------------------------------------------------

Clock             WNS(ns)      TNS(ns)  TNS Failing Endpoints  TNS Total Endpoints      WHS(ns)      THS(ns)  THS Failing Endpoints  THS Total Endpoints     WPWS(ns)     TPWS(ns)  TPWS Failing Endpoints  TPWS Total Endpoints  
-----             -------      -------  ---------------------  -------------------      -------      -------  ---------------------  -------------------     --------     --------  ----------------------  --------------------  
sys_clk_pin         4.041        0.000                      0                 1781        0.140        0.000                      0                 1781        4.500        0.000                       0                   963  


------------------------------------------------------------------------------------------------
| Inter Clock Table
| -----------------
------------------------------------------------------------------------------------------------

From Clock    To Clock          WNS(ns)      TNS(ns)  TNS Failing Endpoints  TNS Total Endpoints      WHS(ns)      THS(ns)  THS Failing Endpoints  THS Total Endpoints  
----------    --------          -------      -------  ---------------------  -------------------      -------      -------  ---------------------  -------------------  


------------------------------------------------------------------------------------------------
| Other Path Groups Table
| -----------------------
------------------------------------------------------------------------------------------------

Path Group    From Clock    To Clock          WNS(ns)      TNS(ns)  TNS Failing Endpoints  TNS Total Endpoints      WHS(ns)      THS(ns)  THS Failing Endpoints  THS Total Endpoints  
----------    ----------    --------          -------      -------  ---------------------  -------------------      -------      -------  ---------------------  -------------------  


------------------------------------------------------------------------------------------------
| Timing Details
| --------------
------------------------------------------------------------------------------------------------


---------------------------------------------------------------------------------------------------
From Clock:  sys_clk_pin
  To Clock:  sys_clk_pin

Setup :            0  Failing Endpoints,  Worst Slack        4.041ns,  Total Violation        0.000ns
Hold  :            0  Failing Endpoints,  Worst Slack        0.140ns,  Total Violation        0.000ns
PW    :            0  Failing Endpoints,  Worst Slack        4.500ns,  Total Violation        0.000ns
---------------------------------------------------------------------------------------------------


Max Delay Paths
--------------------------------------------------------------------------------------
Slack (MET) :             4.041ns  (required time - arrival time)
  Source:                 u_filter/payload_len_reg[5]/C
                            (rising edge-triggered cell FDCE clocked by sys_clk_pin  {rise@0.000ns fall@5.000ns period=10.000ns})
  Destination:            u_filter/FSM_onehot_mf_state_reg[0]/CE
                            (rising edge-triggered cell FDPE clocked by sys_clk_pin  {rise@0.000ns fall@5.000ns period=10.000ns})
  Path Group:             sys_clk_pin
  Path Type:              Setup (Max at Slow Process Corner)
  Requirement:            10.000ns  (sys_clk_pin rise@10.000ns - sys_clk_pin rise@0.000ns)
  Data Path Delay:        5.577ns  (logic 2.240ns (40.165%)  route 3.337ns (59.835%))
  Logic Levels:           7  (CARRY4=2 LUT2=1 LUT3=1 LUT6=3)
  Clock Path Skew:        -0.145ns (DCD - SCD + CPR)
    Destination Clock Delay (DCD):    2.704ns = ( 12.704 - 10.000 ) 
    Source Clock Delay      (SCD):    2.965ns
    Clock Pessimism Removal (CPR):    0.116ns
  Clock Uncertainty:      0.035ns  ((TSJ^2 + TIJ^2)^1/2 + DJ) / 2 + PE
    Total System Jitter     (TSJ):    0.071ns
    Total Input Jitter      (TIJ):    0.000ns
    Discrete Jitter          (DJ):    0.000ns
    Phase Error              (PE):    0.000ns

    Location             Delay type                Incr(ns)  Path(ns)    Netlist Resource(s)
  -------------------------------------------------------------------    -------------------
                         (clock sys_clk_pin rise edge)
                                                      0.000     0.000 r  <hidden>
    E3                                                0.000     0.000 r  clk
                         net (fo=0)                   0.000     0.000    clk
    E3                   IBUF (Prop_ibuf_I_O)         1.482     1.482 r  clk_IBUF_inst/O
                         net (fo=1, unplaced)         0.803     2.285    clk_IBUF
                         BUFG (Prop_bufg_I_O)         0.096     2.381 r  clk_IBUF_BUFG_inst/O
                         net (fo=962, unplaced)       0.584     2.965    u_filter/CLK
                         FDCE                                         r  u_filter/payload_len_reg[5]/C
  -------------------------------------------------------------------    -------------------
                         FDCE (Prop_fdce_C_Q)         0.478     3.443 r  u_filter/payload_len_reg[5]/Q
                         net (fo=2, unplaced)         0.976     4.419    u_filter/payload_len_reg_n_0_[5]
                         LUT6 (Prop_lut6_I0_O)        0.295     4.714 r  u_filter/FSM_onehot_mf_state[3]_i_3/O
                         net (fo=2, unplaced)         0.460     5.174    u_filter/FSM_onehot_mf_state[3]_i_3_n_0
                         LUT3 (Prop_lut3_I0_O)        0.124     5.298 f  u_filter/FSM_onehot_mf_state[3]_i_2/O
                         net (fo=10, unplaced)        0.492     5.790    u_filter/FSM_onehot_mf_state[3]_i_2_n_0
                         LUT2 (Prop_lut2_I1_O)        0.124     5.914 r  u_filter/FSM_onehot_mf_state[6]_i_29/O
                         net (fo=1, unplaced)         0.000     5.914    u_filter/FSM_onehot_mf_state[6]_i_29_n_0
                         CARRY4 (Prop_carry4_S[1]_CO[3])
                                                      0.533     6.447 r  u_filter/FSM_onehot_mf_state_reg[6]_i_13/CO[3]
                         net (fo=1, unplaced)         0.000     6.447    u_filter/FSM_onehot_mf_state_reg[6]_i_13_n_0
                         CARRY4 (Prop_carry4_CI_CO[2])
                                                      0.252     6.699 r  u_filter/FSM_onehot_mf_state_reg[6]_i_7/CO[2]
                         net (fo=1, unplaced)         0.452     7.151    u_filter/mf_next1
                         LUT6 (Prop_lut6_I3_O)        0.310     7.461 r  u_filter/FSM_onehot_mf_state[6]_i_4/O
                         net (fo=1, unplaced)         0.449     7.910    u_filter/FSM_onehot_mf_state[6]_i_4_n_0
                         LUT6 (Prop_lut6_I4_O)        0.124     8.034 r  u_filter/FSM_onehot_mf_state[6]_i_1/O
                         net (fo=7, unplaced)         0.508     8.542    u_filter/FSM_onehot_mf_state[6]_i_1_n_0
                         FDPE                                         r  u_filter/FSM_onehot_mf_state_reg[0]/CE
  -------------------------------------------------------------------    -------------------

                         (clock sys_clk_pin rise edge)
                                                     10.000    10.000 r  <hidden>
    E3                                                0.000    10.000 r  clk
                         net (fo=0)                   0.000    10.000    clk
    E3                   IBUF (Prop_ibuf_I_O)         1.411    11.411 r  clk_IBUF_inst/O
                         net (fo=1, unplaced)         0.763    12.174    clk_IBUF
                         BUFG (Prop_bufg_I_O)         0.091    12.265 r  clk_IBUF_BUFG_inst/O
                         net (fo=962, unplaced)       0.439    12.704    u_filter/CLK
                         FDPE                                         r  u_filter/FSM_onehot_mf_state_reg[0]/C
                         clock pessimism              0.116    12.820    <hidden>
                         clock uncertainty           -0.035    12.784    <hidden>
                         FDPE (Setup_fdpe_C_CE)      -0.202    12.582    u_filter/FSM_onehot_mf_state_reg[0]
  -------------------------------------------------------------------
                         required time                         12.582    <hidden>
                         arrival time                          -8.542    <hidden>
  -------------------------------------------------------------------
                         slack                                  4.041    <hidden>





Min Delay Paths
--------------------------------------------------------------------------------------
Slack (MET) :             0.140ns  (arrival time - required time)
  Source:                 u_filter/FSM_onehot_mf_state_reg[4]/C
                            (rising edge-triggered cell FDCE clocked by sys_clk_pin  {rise@0.000ns fall@5.000ns period=10.000ns})
  Destination:            u_filter/FSM_onehot_mf_state_reg[5]/D
                            (rising edge-triggered cell FDCE clocked by sys_clk_pin  {rise@0.000ns fall@5.000ns period=10.000ns})
  Path Group:             sys_clk_pin
  Path Type:              Hold (Min at Fast Process Corner)
  Requirement:            0.000ns  (sys_clk_pin rise@0.000ns - sys_clk_pin rise@0.000ns)
  Data Path Delay:        0.384ns  (logic 0.245ns (63.855%)  route 0.139ns (36.145%))
  Logic Levels:           1  (LUT2=1)
  Clock Path Skew:        0.145ns (DCD - SCD - CPR)
    Destination Clock Delay (DCD):    1.082ns
    Source Clock Delay      (SCD):    0.728ns
    Clock Pessimism Removal (CPR):    0.209ns

    Location             Delay type                Incr(ns)  Path(ns)    Netlist Resource(s)
  -------------------------------------------------------------------    -------------------
                         (clock sys_clk_pin rise edge)
                                                      0.000     0.000 r  <hidden>
    E3                                                0.000     0.000 r  clk
                         net (fo=0)                   0.000     0.000    clk
    E3                   IBUF (Prop_ibuf_I_O)         0.250     0.250 r  clk_IBUF_inst/O
                         net (fo=1, unplaced)         0.338     0.588    clk_IBUF
                         BUFG (Prop_bufg_I_O)         0.026     0.614 r  clk_IBUF_BUFG_inst/O
                         net (fo=962, unplaced)       0.114     0.728    u_filter/CLK
                         FDCE                                         r  u_filter/FSM_onehot_mf_state_reg[4]/C
  -------------------------------------------------------------------    -------------------
                         FDCE (Prop_fdce_C_Q)         0.147     0.875 r  u_filter/FSM_onehot_mf_state_reg[4]/Q
                         net (fo=3, unplaced)         0.139     1.014    u_parser/Q[2]
                         LUT2 (Prop_lut2_I1_O)        0.098     1.112 r  u_parser/FSM_onehot_mf_state[5]_i_1/O
                         net (fo=9, unplaced)         0.000     1.112    u_filter/D[0]
                         FDCE                                         r  u_filter/FSM_onehot_mf_state_reg[5]/D
  -------------------------------------------------------------------    -------------------

                         (clock sys_clk_pin rise edge)
                                                      0.000     0.000 r  <hidden>
    E3                                                0.000     0.000 r  clk
                         net (fo=0)                   0.000     0.000    clk
    E3                   IBUF (Prop_ibuf_I_O)         0.438     0.438 r  clk_IBUF_inst/O
                         net (fo=1, unplaced)         0.356     0.794    clk_IBUF
                         BUFG (Prop_bufg_I_O)         0.029     0.823 r  clk_IBUF_BUFG_inst/O
                         net (fo=962, unplaced)       0.259     1.082    u_filter/CLK
                         FDCE                                         r  u_filter/FSM_onehot_mf_state_reg[5]/C
                         clock pessimism             -0.209     0.873    <hidden>
                         FDCE (Hold_fdce_C_D)         0.099     0.972    u_filter/FSM_onehot_mf_state_reg[5]
  -------------------------------------------------------------------
                         required time                         -0.972    <hidden>
                         arrival time                           1.112    <hidden>
  -------------------------------------------------------------------
                         slack                                  0.140    <hidden>





Pulse Width Checks
--------------------------------------------------------------------------------------
Clock Name:         sys_clk_pin
Waveform(ns):       { 0.000 5.000 }
Period(ns):         10.000
Sources:            { clk }

Check Type        Corner  Lib Pin  Reference Pin  Required(ns)  Actual(ns)  Slack(ns)  Location  Pin
Min Period        n/a     BUFG/I   n/a            2.155         10.000      7.845                clk_IBUF_BUFG_inst/I
Low Pulse Width   Slow    FDRE/C   n/a            0.500         5.000       4.500                u_fifo/mem_reg[0][0]/C
High Pulse Width  Slow    FDRE/C   n/a            0.500         5.000       4.500                u_fifo/mem_reg[0][0]/C



